<?xml version="1.0" encoding="UTF-8"?>
<testng-results skipped="0" failed="0" ignored="0" total="2" passed="2">
  <reporter-output>
  </reporter-output>
  <suite name="Default suite" duration-ms="7612" started-at="2022-10-24T14:04:01 ICT" finished-at="2022-10-24T14:04:08 ICT">
    <groups>
    </groups>
    <test name="Default test" duration-ms="7612" started-at="2022-10-24T14:04:01 ICT" finished-at="2022-10-24T14:04:08 ICT">
      <class name="com.testing.qa.ProstasiaWeb.Runner">
        <test-method status="PASS" signature="setUp()[pri:0, instance:com.testing.qa.ProstasiaWeb.Runner@79924b]" name="setUp" is-config="true" duration-ms="3001" started-at="2022-10-24T14:04:01 ICT" finished-at="2022-10-24T14:04:04 ICT">
          <reporter-output>
          </reporter-output>
        </test-method> <!-- setUp -->
        <test-method status="PASS" signature="openPage()[pri:0, instance:com.testing.qa.ProstasiaWeb.Runner@79924b]" name="openPage" duration-ms="735" started-at="2022-10-24T14:04:04 ICT" finished-at="2022-10-24T14:04:05 ICT">
          <reporter-output>
          </reporter-output>
        </test-method> <!-- openPage -->
        <test-method status="PASS" signature="setUp()[pri:0, instance:com.testing.qa.ProstasiaWeb.Runner@79924b]" name="setUp" is-config="true" duration-ms="1603" started-at="2022-10-24T14:04:05 ICT" finished-at="2022-10-24T14:04:06 ICT">
          <reporter-output>
          </reporter-output>
        </test-method> <!-- setUp -->
        <test-method status="PASS" signature="testLogin()[pri:0, instance:com.testing.qa.ProstasiaWeb.Runner@79924b]" name="testLogin" duration-ms="2043" started-at="2022-10-24T14:04:06 ICT" finished-at="2022-10-24T14:04:08 ICT">
          <reporter-output>
          </reporter-output>
        </test-method> <!-- testLogin -->
      </class> <!-- com.testing.qa.ProstasiaWeb.Runner -->
    </test> <!-- Default test -->
  </suite> <!-- Default suite -->
</testng-results>
